	SetSessionId:c1cxbnFNVjVuWmFGcGdQcWE3MURKOElaU2N1YTFlbkpMU2pKT3NTSUdqMTBLNjBSbjBUSTZYUWJjWU40RDZvMi5qZXVzX2RvbWFpbi9lcC13YXMtODUtZHA0bDI=(17973)-----10:9:36
	SetCurrentPath:C:\Program Files (x86)\KSIGN\KCase(17980)-----10:9:36
	SetSessionId:dVpiZml4NE1pTTF0OXFEa0EzYlpNcFpvQnZGb0trYXg1QTdYdUthb0l2N0RkeWtFbGdPMVoxMlV2SXpQYXp6aC5qZXVzX2RvbWFpbi9lcC13YXMtMTcyLTQ0Mmx2(17973)-----15:55:10
	SetCurrentPath:C:\Program Files (x86)\KSIGN\KCase(17980)-----15:55:10
	SetSessionId:ZUhLY0VzZmoxTzlJdE42VElMenhSMlllem42YTFFNDhmaGF6YkZEbWhMVUhvUUJ3bFFkNGlIM3JGNTA2NEhDVC5qZXVzX2RvbWFpbi9lcC13YXMtMTczLTJycXI0(17973)-----9:47:17
	SetCurrentPath:C:\Program Files (x86)\KSIGN\KCase(17980)-----9:47:17
	SetSessionId:Sko3a3E4N3RtV2MxNFdoYkprWjExWWZhZmdobVRsU2dLVEd5b0NwZlVibUNvVEhsbEplRHhzRXY0MDNmaXp0Si5qZXVzX2RvbWFpbi9lcC13YXMtMTczLW5ybTRo(17973)-----13:51:41
	SetCurrentPath:C:\Program Files (x86)\KSIGN\KCase(17980)-----13:51:41
	SetSessionId:MTg2QlR3U1BxYVF2bHYySWFYeG05bFdVbXpKQmpyVThhaFlhbGg4UzkxREd1MzlNbGFqcEhZS3VIRXZTekxXbC5qZXVzX2RvbWFpbi9lcC13YXMtMTc0LTZ6aGNt(17973)-----14:46:43
	SetCurrentPath:C:\Program Files (x86)\KSIGN\KCase(17980)-----14:46:43
	SetSessionId:MWlzZWEyaHM2WDNnTVRVMlcxa3VkejNOOGRscFpVUlIxbGhwY0UwNnZ2Z0d1YTdNbEFJWWFGZ3F4a0p6MTFqRS5qZXVzX2RvbWFpbi9lcC13YXMtMTc0LXFsd2My(17973)-----12:9:44
	SetCurrentPath:C:\Program Files (x86)\KSIGN\KCase(17980)-----12:9:44
	SetSessionId:REE2Q0ZLSW85SUg3bGFub2VuMXlVd2V3WGZ5T2ptWEVEaXVYdW5NR3BXcnE1Qk8wbEs5U1Bmdlh4NHYxYkpwdC5qZXVzX2RvbWFpbi9lcC13YXMtMTc1LWI5amxi(17973)-----8:53:28
	SetCurrentPath:C:\Program Files (x86)\KSIGN\KCase(17980)-----8:53:28
	SetSessionId:VWdHaVZFY2xMR1FhTlhDRnBhckhrNVl4SmFib0ZhYjBFdjBFaUE4UzdEVzhMSktybDVWY0J6RXVlc2VvbkdGUi5qZXVzX2RvbWFpbi9lcC13YXMtMTc1LWs1dG4y(17973)-----8:54:6
	SetCurrentPath:C:\Program Files (x86)\KSIGN\KCase(17980)-----8:54:6
	SetSessionId:dWxHVkxocUxSU2RZdVR2Q1NmNDM3NGNoSTQxSG9RekkzcEVpRWg1TUQxblFISWY0bFVXTnZmOG5YSDB1WDVPei5qZXVzX2RvbWFpbi9lcC13YXMtMTc1LTh4NXhw(17973)-----8:46:13
	SetCurrentPath:C:\Program Files (x86)\KSIGN\KCase(17980)-----8:46:13
	SetSessionId:SEg3UGF6aXU2aXZQZWUxZ2tucEpZckljSmtFck55NWUzSjhzNHVVZGFWbDB2T3gzbFZtWGVhY3BNUjFPSFBYSS5qZXVzX2RvbWFpbi9lcC13YXMtMTc1LTh4NXhw(17973)-----15:54:2
	SetCurrentPath:C:\Program Files (x86)\KSIGN\KCase(17980)-----15:54:2
	SetSessionId:OUdRS25HZ2FIVm5hSWliQ2FBV0JHQmY2ZFQwYU5Qand1T3NEQnNyVkthRHozaHpKbDRTVkl0SzFPSDlNNXJHTy5qZXVzX2RvbWFpbi9lcC13YXMtMTc2LXByN3A4(17973)-----14:12:51
	SetCurrentPath:C:\Program Files (x86)\KSIGN\KCase(17980)-----14:12:51
	SetSessionId:VWFhM0FQcmdTSGg2dXVnbG1XU2ZBYVZKVGdZY0RFS28xQW1OYldObDRxSzIzYlF5bHdsU0J3RjE1eExneElxZi5qZXVzX2RvbWFpbi9lcC13YXMtMTc2LTIybDlu(17973)-----9:7:48
	SetCurrentPath:C:\Program Files (x86)\KSIGN\KCase(17980)-----9:7:48
	SetSessionId:4lerwtMSRVU=(17973)-----12:14:36
	SetCurrentPath:C:\Program Files (x86)\KSIGN\KCase(17980)-----12:14:36
	SetSessionId:4lerwtMSRVU=(17973)-----14:17:31
	SetCurrentPath:C:\Program Files (x86)\KSIGN\KCase(17980)-----14:17:31
	SetSessionId:T3RTTHpCMWJSTlhkQXBldkd5RW9FY2oxdnY0RlJ6bHhON01aelZTdHpwQkk5ZlRlbEUyRjEwSEphUUYwQWxpVC5qZXVzX2RvbWFpbi9lcC13YXMtMTc2LTIybDlu(17973)-----14:20:12
	SetCurrentPath:C:\Program Files (x86)\KSIGN\KCase(17980)-----14:20:12
	SetSessionId:T3RTTHpCMWJSTlhkQXBldkd5RW9FY2oxdnY0RlJ6bHhON01aelZTdHpwQkk5ZlRlbEUyRjEwSEphUUYwQWxpVC5qZXVzX2RvbWFpbi9lcC13YXMtMTc2LTIybDlu(17706)-----14:22:13
	SetCurrentPath:C:\Program Files (x86)\KSIGN\KCase(17712)-----14:22:13
	SetSessionId:eOrahTVx1jc=(17706)-----14:26:21
	SetCurrentPath:C:\Program Files (x86)\KSIGN\KCase(17712)-----14:26:21
	SetSessionId:6XhB7Z195oo=(17706)-----14:28:1
	SetCurrentPath:C:\Program Files (x86)\KSIGN\KCase(17712)-----14:28:1
	SetSessionId:RFdueEZiWHhUOXZiZ2Y2S0hyMW1vTU04OThjSUt0WnNOWFR3NUs1eG5NYU01cVQ1bGtoQzJvY2NVSWpsSGZkWi5qZXVzX2RvbWFpbi9lcC13YXMtMTc2LXNybjdq(17706)-----15:0:26
	SetCurrentPath:C:\Program Files (x86)\KSIGN\KCase(17712)-----15:0:26
	SetSessionId:BOWy5WcEX2M=(17706)-----15:1:49
	SetCurrentPath:C:\Program Files (x86)\KSIGN\KCase(17712)-----15:1:49
	SetSessionId:dzdzVENMdDF1UUhVelBreTh0dWs4TUt0V1liRVNuWmlSS1NzYWVzNjE4ckZPbFRxbEV2b3k1N21PQzNxR3h1Vi5qZXVzX2RvbWFpbi9lcC13YXMtMTc2LXByN3A4(17706)-----8:15:48
	SetCurrentPath:C:\Program Files (x86)\KSIGN\KCase(17712)-----8:15:48
	SetSessionId:c1ByZDFnQXRyN00ycHRYY0VNZHRaWDVqakRzN2tLa1FyOWllaU9aN2Fpb2JyYnF2bFlCc3l4aFc4YXhhOHBycS5qZXVzX2RvbWFpbi9lcC13YXMtMTc3LTY5Y2I1(17706)-----16:18:28
	SetCurrentPath:C:\Program Files (x86)\KSIGN\KCase(17712)-----16:18:28
	SetSessionId:R3R3Z1c0OEJjRENuaWRGdlFMNEdVb1FKTXJJdzBvTm9zc2MzTE5CVTR0Njd2ZUlPbHZBek1yV05IZDN1YUN3NC5qZXVzX2RvbWFpbi9lcC13YXMtMTc3LWpsaDV2(17706)-----9:23:17
	SetCurrentPath:C:\Program Files (x86)\KSIGN\KCase(17712)-----9:23:17
	SetSessionId:YXhWeDdnOFl6eUlqYXQxYXdGMTFIUnVTeWNpYVBNYlJzdUkwOVFvYUpyOGNxUDNlbEJTN2J2TEFadXprWVMwOS5qZXVzX2RvbWFpbi9lcC13YXMtMTc3LWpsaDV2(17706)-----15:35:25
	SetCurrentPath:C:\Program Files (x86)\KSIGN\KCase(17712)-----15:35:25
	SetSessionId:N1lRRnVkUHdXZlZTY1dyRXBkTHVuaWlJTEFkQ0FXWWRYbDVWSGpiemRRcVBzNUlSbFI5UE9BeUMzdkZiWGU1RS5qZXVzX2RvbWFpbi9lcC13YXMtMTc3LXRjY2tu(17706)-----8:51:42
	SetCurrentPath:C:\Program Files (x86)\KSIGN\KCase(17712)-----8:51:42
	SetSessionId:5cMwnS0yeOU=(17706)-----9:58:27
	SetCurrentPath:C:\Program Files (x86)\KSIGN\KCase(17712)-----9:58:27
	SetSessionId:NkZyaUFScjFVaFI5UmtaeEN0VDlHWklqdTExbmM4elIydlkxOGgzcWFTWXJOeXBxbDhYbE5ER2haTDdodUoxQS5aV1IxWm1sdVpWOWtiMjFoYVc0dlpXUjFabWx1WlRRdE1nPT0=(17706)-----14:24:19
	SetCurrentPath:C:\Program Files (x86)\KSIGN\KCase(17712)-----14:24:19
	SetSessionId:VmN5aUxFR0VoNmo5cW5ZR0NlTUhTczF5NmdaTGFzWTAyNkRsa1I5Q3I2aktNVTE2bFVLUnJwWkV4cEJvY0NHeC5qZXVzX2RvbWFpbi9lcC13YXMtMTc3LXRjY2tu(17706)-----14:24:26
	SetCurrentPath:C:\Program Files (x86)\KSIGN\KCase(17712)-----14:24:26
	SetSessionId:QUZKc0l1a25YRlJRZnU1RlQwU25mSDFlTElzWnowenNTWjk1Yzc1MVpKSzBnb1c5bHozRk1oU1gybGlQaTZlNC5qZXVzX2RvbWFpbi9lcC13YXMtMTc3LWpsaDV2(17706)-----12:51:23
	SetCurrentPath:C:\Program Files (x86)\KSIGN\KCase(17712)-----12:51:23
	SetSessionId:TURTUUNXWDhaYTUwMWFtcFZEUUFBakV0Y0pHSU5KMGJTN3k2b012cFBXQWRaZlpZbGZDbGFzd09uM2dqNDl5cS5qZXVzX2RvbWFpbi9lcC13YXMtMTc3LTJjZG1o(17706)-----16:37:1
	SetCurrentPath:C:\Program Files (x86)\KSIGN\KCase(17712)-----16:37:1
	SetSessionId:bFBXNnFFR3UzMTJiM1hTd1ZqM216VG0xazFUNUIzSUZTWEFOOTc3WUJBMmFqWU1qbDNwMUtXUEYzRGJPOUZFQy5aV1IxWm1sdVpWOWtiMjFoYVc0dlpXUjFabWx1WlRNdE1RPT0=(17706)-----16:39:18
	SetCurrentPath:C:\Program Files (x86)\KSIGN\KCase(17712)-----16:39:18
	SetSessionId:YzBpOGhISjlBbDBEdHVwbWhpczFBNllFclhQR3F1eFZxTjJCMEREblpNMGRaVDJqbGttejVOTXhUMUQ1SWM4NS5qZXVzX2RvbWFpbi9lcC13YXMtMTc3LXc0a3Jt(17706)-----8:18:15
	SetCurrentPath:C:\Program Files (x86)\KSIGN\KCase(17712)-----8:18:15
	SetSessionId:UGI1ME50VTdoSHdpUjFoSndibHRhTmJRNFlOaGJUQzNxR25qZURjMHNWM2VwN0JCbEpaeDRzSmtlMDFhd29pYi5qZXVzX2RvbWFpbi9lcC13YXMtMTc3LXc0a3Jt(17706)-----16:24:56
	SetCurrentPath:C:\Program Files (x86)\KSIGN\KCase(17712)-----16:24:56
	SetSessionId:N1RheXlQZW90NmJndXJsbTZySzczMU9Cek9ONFkxSmY2T3ZhbmxncTZ6M0xFMFFnbFpXYnQ3U1kxeUwxRGdVei5qZXVzX2RvbWFpbi9lcC13YXMtMTc3LWpsaDV2(17706)-----8:49:53
	SetCurrentPath:C:\Program Files (x86)\KSIGN\KCase(17712)-----8:49:53
	SetSessionId:bGNXSEpjYVJiZFB4bjdPZm5mNmxVT0MyN1BJWlBYZ1VPaDFUSzZwZVkxTmZ6ejB3bDBJSVFvWFFkS0Q0emFZNi5qZXVzX2RvbWFpbi9lcC13YXMtMTc3LXRjY2tu(17706)-----14:33:27
	SetCurrentPath:C:\Program Files (x86)\KSIGN\KCase(17712)-----14:33:27
	SetSessionId:eGNGZVNORkFsallxWUhJQUROYVJ0ckNSVHdXYXpCeEM5ZWs4QUoyVmtDelB1czFrbHMxWHR6STRGaXd6a3d4UC5qZXVzX2RvbWFpbi9lcC13YXMtMTgwLWNzdjZk(17706)-----8:18:54
	SetCurrentPath:C:\Program Files (x86)\KSIGN\KCase(17712)-----8:18:54
	SetSessionId:Rm2m4hjLX+I=(17706)-----12:40:27
	SetCurrentPath:C:\Program Files (x86)\KSIGN\KCase(17712)-----12:40:27
	SetSessionId:Z0JDQ3dZVU1iV0NBdmFKSm5nQnU5TURlaFVSN045MTYwYUlwakpxeW1NUHd4NXBQbGtqNEI2cjBhc2Jva0dMSi5qZXVzX2RvbWFpbi9lcC13YXMtMTgwLXA5d2s0(17706)-----14:5:19
	SetCurrentPath:C:\Program Files (x86)\KSIGN\KCase(17712)-----14:5:19
	SetSessionId:UzdPSXhxSG1xYjF5aUtGQ0FxRGFNa0NJSWxOTHpUQUxVZTJ5RXFZV2FSa0pldEJabDlLWEUzZ1EyU0RiaWdHUi5qZXVzX2RvbWFpbi9lcC13YXMtMTgwLTd0YjV2(17706)-----14:8:25
	SetCurrentPath:C:\Program Files (x86)\KSIGN\KCase(17712)-----14:8:25
	SetSessionId:M3dVbmVJT1QzSjJpSmxqeDFQcjJ3bW5yN2tGRTFGVTNXekJUcEh4VlA2eEdqeFNvbEFUZFczYTZCWnNUUkxPUi5qZXVzX2RvbWFpbi9lcC13YXMtMTgwLXA5d2s0(17706)-----8:56:59
	SetCurrentPath:C:\Program Files (x86)\KSIGN\KCase(17712)-----8:56:59
	SetSessionId:c2ZnVUwwYkhKdHdXQkVzRTJETzlpQWJhMEdPMkhWYzlMYTFZY0VTTk9JMXVuYkx4bFZvREJ0RHMwZXRhOTBHOC5qZXVzX2RvbWFpbi9lcC13YXMtMTgwLTJrc3N2(17706)-----8:59:15
	SetCurrentPath:C:\Program Files (x86)\KSIGN\KCase(17712)-----8:59:15
	SetSessionId:Ulc4SXBNaE9WT1ZkVEJtNWVrUzE0blBZRkxLOEd1R3dDNEdxc0hWNmE3dFBzWHdYbFlpNFU2VUhlOGVSeUNyei5aV1IxWm1sdVpWOWtiMjFoYVc0dlpXUjFabWx1WlRVdE13PT0=(17706)-----12:4:47
	SetCurrentPath:C:\Program Files (x86)\KSIGN\KCase(17712)-----12:4:47
	SetSessionId:T25YNU5keUtXYTRJUGt4M2VqWDZqdTN2dGF6d1Y4UGJDWEJ6ZTQwS1pzWVp1akxYbDE0WTlMZ05HV1ZsRWxBby5qZXVzX2RvbWFpbi9lcC13YXMtMTgwLWpmdmdm(17706)-----12:4:55
	SetCurrentPath:C:\Program Files (x86)\KSIGN\KCase(17712)-----12:4:55
	SetSessionId:gz31Rw5fWc4=(17706)-----14:33:11
	SetCurrentPath:C:\Program Files (x86)\KSIGN\KCase(17712)-----14:33:11
	SetSessionId:cmViRnp1TnJpOHBTVWF6clViOVlQUGhVcEJ6bUI4S0JDZVAwb0hwdVo2VUU0VVQzbEZhV3pjMEFqUnhucGEzNy5qZXVzX2RvbWFpbi9lcC13YXMtMTgwLWpmdmdm(17706)-----17:33:18
	SetCurrentPath:C:\Program Files (x86)\KSIGN\KCase(17712)-----17:33:18
	SetSessionId:b1RvWGRrUHlzcElsc2RhNXZNWDFja1F2aGNRaXFNMXBhQ0wxOGJTcm02SVZwVEQ4bHl2SGc1QUk2Wjc0YThOUS5qZXVzX2RvbWFpbi9lcC13YXMtMTgwLTd0YjV2(17706)-----11:19:26
	SetCurrentPath:C:\Program Files (x86)\KSIGN\KCase(17712)-----11:19:26
	SetSessionId:V2hVb2VWSFlZSFc4S3ZkS1VSd1ZBcTF5cHo2VFlnMzdCbEZybEhxeXk5QUxxTXhpbExaU3BhSmtPb3pRbkhzTC5qZXVzX2RvbWFpbi9lcC13YXMtMTgwLWpmdmdm(17706)-----10:8:0
	SetCurrentPath:C:\Program Files (x86)\KSIGN\KCase(17712)-----10:8:0
	SetSessionId:Zkc1cU4xQ21oM1VPUTFDTGwxdFlXcjNBd3RQUGhSNDBBM2Z1WmpZUFRtZGxyUWxKbHhuN0hhUW1SQVVCZ292WC5qZXVzX2RvbWFpbi9lcC13YXMtMTgwLWpmdmdm(17706)-----15:30:22
	SetCurrentPath:C:\Program Files (x86)\KSIGN\KCase(17712)-----15:30:22
	SetSessionId:VmxkaVBNZElYZGNBclB3Nm1XR1BlVXpYU0FKVFVveVZLOTJDd3ZSbTJDT0o2TVJBbEhDWWtFYzFvOTNYY1l0Yy5qZXVzX2RvbWFpbi9lcC13YXMtMTgwLWNzdjZk(17706)-----13:56:56
	SetCurrentPath:C:\Program Files (x86)\KSIGN\KCase(17712)-----13:56:56
	SetSessionId:bEloWkVhR0JBVWZOSmFhYWlhMHZBZk41anU3bFNUTkgxODI0SkNvVjhhWWFRTnBVdEN3MTlKOHYzcTdxWE1ZUS5qZXVzX2RvbWFpbi9lcC13YXMtMTgwLWpmdmdm(17706)-----8:47:56
	SetCurrentPath:C:\Program Files (x86)\KSIGN\KCase(17712)-----8:47:56
	SetSessionId:ZGFvNkNaRDlpNXQ4MHJMMGwxNklGbmFRZGwzUjVRRms4cDE5OXNiMDZLeDFoUngzdDE1NnVYV09MTEd3NUdyei5qZXVzX2RvbWFpbi9lcC13YXMtMTgwLWpmdmdm(17706)-----14:40:8
	SetCurrentPath:C:\Program Files (x86)\KSIGN\KCase(17712)-----14:40:8
	SetSessionId:dWRJUFZGY3lHdUtOQmd6bWJuZ054d1lhMWVwSW5GVzVEUVpYZ3FBR1Job0RQTHVydDFyaDIzMUU4MXB0N1FkTy5qZXVzX2RvbWFpbi9lcC13YXMtMTgwLXA5d2s0(17706)-----13:4:26
	SetCurrentPath:C:\Program Files (x86)\KSIGN\KCase(17712)-----13:4:26
	SetSessionId:5YJwukTlLRA=(17706)-----14:59:4
	SetCurrentPath:C:\Program Files (x86)\KSIGN\KCase(17712)-----14:59:4
	SetSessionId:RVNUcW4xUVB3SzNjZ3QxZDFEeWZDek01MmpST2ExT01paUxFNGJpcWNPSWJjZHJLdHljSURNQzE3YnBMeUQxZi5qZXVzX2RvbWFpbi9lcC13YXMtMTgwLWNzdjZk(17706)-----13:53:22
	SetCurrentPath:C:\Program Files (x86)\KSIGN\KCase(17712)-----13:53:22
	SetSessionId:N0M1NDZEQkVFN0U1MjNDQTAxRUNBOTcyQTVDNjJGMTUuS1NEQ19FUktfRVBLSQ==(17706)-----14:30:30
	SetCurrentPath:C:\Program Files (x86)\KSIGN\KCase(17712)-----14:30:30
	SetSessionId:aTRBQVVOUmRpamtodUZUNzhEWFZwcnVNNEFlWThreVh1dDkxZlFIRDFqM3VYemxXdGV0Q0xpVVZLdEdqMjFWMS5qZXVzX2RvbWFpbi9lcC13YXMtMTgwLXA5d2s0(17706)-----14:45:34
	SetCurrentPath:C:\Program Files (x86)\KSIGN\KCase(17712)-----14:45:34
	SetSessionId:TkUxZ1M5cVMzVjEyV0RBVDJOUzlwUE5lb0JuS3hlYUkxZG52SVM3dUVVTzRPRVc0dEtCelFDaTNPemExTUdUOS5qZXVzX2RvbWFpbi9lcC13YXMtMTgxLWNwYnFy(17706)-----15:4:31
	SetCurrentPath:C:\Program Files (x86)\KSIGN\KCase(17712)-----15:4:31
	SetSessionId:U2FNTVF3aDk0bzAxbzZkWlRUMzJqbTE0cFF6QU5tckoxcHZPS3h1WnY2UkF0aDB4dG1ybGRxU1V3MklySUNJMC5qZXVzX2RvbWFpbi9lcC13YXMtMTgxLTIyY3ht(17706)-----16:24:57
	SetCurrentPath:C:\Program Files (x86)\KSIGN\KCase(17712)-----16:24:57
	SetSessionId:dW1TcUhGR2kxamJnTEZxSWtXS2JJUDVBVHc5aGxnRjZOMXpBT3JSS052cHNwRjNUdDlhV3AzNURUSThLSzBUVi5qZXVzX2RvbWFpbi9lcC13YXMtMTgxLWNwYnFy(17706)-----16:10:54
	SetCurrentPath:C:\Program Files (x86)\KSIGN\KCase(17712)-----16:10:54
	SetSessionId:WUVraDVDQ1FITFh4Wkl6QkpqVHE3QnR4OTNxRkh6SFZaSjBTRGw3VWkyREdQYTVpdHRtQ0QwUzJXRWZoQVlIZS5qZXVzX2RvbWFpbi9lcC13YXMtMTgxLTIyY3ht(17706)-----13:12:38
	SetCurrentPath:C:\Program Files (x86)\KSIGN\KCase(17712)-----13:12:38
	SetSessionId:azhteDFrcTU3ZXMxMFBGOEZFMTNtMUcxamxPemUyb2xyV2tMMkFRNWtoUEZTNUNmdFJzdnRCNHQ4YUh1UlNSQi5qZXVzX2RvbWFpbi9lcC13YXMtMTgxLWhsbDY1(17706)-----14:1:47
	SetCurrentPath:C:\Program Files (x86)\KSIGN\KCase(17712)-----14:1:47
	SetSessionId:bU1EQUJKYWUwVzEzQUN6MEtFQ2xhcWp4MzVvdTJwZDdYOG5KdFhONkJmWG9lMHl5dDhrTWJQdElWZ3F2VnZBMS5aV1IxWm1sdVpWOWtiMjFoYVc0dlpXUjFabWx1WlRRdE1RPT0=(17706)-----14:55:7
	SetCurrentPath:C:\Program Files (x86)\KSIGN\KCase(17712)-----14:55:7
	SetSessionId:TzMyZHZJWkVnU0hBbXFKSDFSWXVTY1NWZ21heHdSR0RTSFBHYXJ3ZmtQbVJUcXl5dFhZWGk1YWlBS3pPeUZ1RS5qZXVzX2RvbWFpbi9lcC13YXMtMTgxLWJ4bWhz(17706)-----8:41:3
	SetCurrentPath:C:\Program Files (x86)\KSIGN\KCase(17712)-----8:41:3
	SetSessionId:eTRZd0IxVzZwc3B0OXRtdHRFaFR1RDBDcUZFMVFOR1Q2eXBnTDFwVzFrV3ZhMVREdFFkTmZwdHN5OFQwT1NhMS5qZXVzX2RvbWFpbi9lcC13YXMtMTgxLXhkZHg2(17706)-----9:44:3
	SetCurrentPath:C:\Program Files (x86)\KSIGN\KCase(17712)-----9:44:3
	SetSessionId:cWRsb1N6VVZsTHhhaHZDMTFwdXNkeWFEQm5yMzMyQmI2SFJKbTREZmhZTVlVU3BGdEF2R3phcEZVQjlBTU5TRi5qZXVzX2RvbWFpbi9lcC13YXMtMTgxLTVxNHM1(17706)-----15:51:55
	SetCurrentPath:C:\Program Files (x86)\KSIGN\KCase(17712)-----15:51:55
	SetSessionId:WkZCalp3Y1Q5U1JUdFpyUUJNRXJNODVxRDVJakw0SkVPeU9GVm9rR08xSmpFejIxdDJSUkRZbGlPYmJ5VXR1dC5qZXVzX2RvbWFpbi9lcC13YXMtMTgxLTZsY3h2(17706)-----9:24:33
	SetCurrentPath:C:\Program Files (x86)\KSIGN\KCase(17712)-----9:24:33
	SetSessionId:U1JSUEtMVTU4NTY2SjU0b245YkRUQ2dUMVpRZmYxUEpNWDZDTUV6bDFqcEM2alBldDdFeDFhbUc4UmFyYW9sSC5qZXVzX2RvbWFpbi9lcC13YXMtMTgxLWhsbDY1(17706)-----8:59:0
	SetCurrentPath:C:\Program Files (x86)\KSIGN\KCase(17712)-----8:59:0
	SetSessionId:MVVZUW1BeGVEcmQzTnRhZkxSVHNpQjJ3TUZrTFpQUVhNT3Nub2ZLN0xGQ1ZwOXhSdFdISTE4Y3UzWHA1WE5sQS5qZXVzX2RvbWFpbi9lcC13YXMtMTgxLXhkZHg2(17706)-----14:7:59
	SetCurrentPath:C:\Program Files (x86)\KSIGN\KCase(17712)-----14:7:59
	SetSessionId:TDVvNndseWVCSlBweEl6Q29CZHlad2dxWnBSYUtVYzgwWE5oaTlhVUtCc0pkTm15dDl0MDlzTkJMM0xQcmdBbC5qZXVzX2RvbWFpbi9lcC13YXMtMTgxLWhsbDY1(17706)-----8:32:42
	SetCurrentPath:C:\Program Files (x86)\KSIGN\KCase(17712)-----8:32:42
	SetSessionId:R3E0V011YnRSMGNCWEdkazhVV01RMTA4YmdTNVlLVU15VFoyZkNFYUVDVmJRYkNIdDExSEM2SWxiTEJ0YWN2Vy5qZXVzX2RvbWFpbi9lcC13YXMtMTgzLXE0OTZs(17706)-----8:30:56
	SetCurrentPath:C:\Program Files (x86)\KSIGN\KCase(17712)-----8:30:56
	SetSessionId:T2oxVlo4QXdBS2tyR0J0ZHExRkpmdE54VXhiUThENFM0YWlWRVI2cUYybU82UVRUdG1QNlo1ZHhTbFlDNnphRi5qZXVzX2RvbWFpbi9lcC13YXMtMTgzLWg5YjV6(17706)-----8:34:23
	SetCurrentPath:C:\Program Files (x86)\KSIGN\KCase(17712)-----8:34:23
	SetSessionId:cmthMUlKWEVYRERheWFTNnpwSkhGRkxJWkdDWU5mWnpWV3UwMUZ2U1lqbURvYWRHdFFWMUdsMVI2MzlBd0NaNS5qZXVzX2RvbWFpbi9lcC13YXMtMTg0LWR6Y2hr(17706)-----8:36:20
	SetCurrentPath:C:\Program Files (x86)\KSIGN\KCase(17712)-----8:36:20
	SetSessionId:a0NocGVkbngxajFteHdaVnREVmxJd1ExMGtGMEtqc054YmpxalhGdldLc2dyZ2swdGdTU016YU1BWFlsRkhFdy5qZXVzX2RvbWFpbi9lcC13YXMtMTg0LW12dzds(17706)-----8:27:19
	SetCurrentPath:C:\Program Files (x86)\KSIGN\KCase(17712)-----8:27:19
	SetSessionId:aFZ6b3Q2bEhNZWFWcU52YUtJZHNIUGVhQTRENXBGaFVubzVpOUdkZk5xR2pFYTlCdEp3bUNWTFR3QzJXdjdkWi5qZXVzX2RvbWFpbi9lcC13YXMtMTg0LW12dzds(17706)-----14:26:50
	SetCurrentPath:C:\Program Files (x86)\KSIGN\KCase(17712)-----14:26:50
	SetSessionId:M2tlRWZhbEpKMG9DaG9SemFibkFpeGtXZXRDbVE4bjVuazBMczR2SzRqUDUxYW5VdFN4UnY0RzZVVHpOZzdzNy5qZXVzX2RvbWFpbi9lcC13YXMtMTg0LW12dzds(17706)-----14:32:19
	SetCurrentPath:C:\Program Files (x86)\KSIGN\KCase(17712)-----14:32:19
	SetSessionId:M2tlRWZhbEpKMG9DaG9SemFibkFpeGtXZXRDbVE4bjVuazBMczR2SzRqUDUxYW5VdFN4UnY0RzZVVHpOZzdzNy5qZXVzX2RvbWFpbi9lcC13YXMtMTg0LW12dzds(18010)-----14:34:20
	SetCurrentPath:C:\Program Files (x86)\KSIGN\KCase(18016)-----14:34:20
	SetSessionId:Hw/Z8XzQdY8=(18010)-----14:54:30
	SetCurrentPath:C:\Program Files (x86)\Ksign\KCase(18016)-----14:54:30
	SetSessionId:M2tlRWZhbEpKMG9DaG9SemFibkFpeGtXZXRDbVE4bjVuazBMczR2SzRqUDUxYW5VdFN4UnY0RzZVVHpOZzdzNy5qZXVzX2RvbWFpbi9lcC13YXMtMTg0LW12dzds(18010)-----14:57:10
	SetCurrentPath:C:\Program Files (x86)\KSIGN\KCase(18016)-----14:57:10
	SetSessionId:UGpzSWREYVNKU3A4SkN3c0dPbmp6QjIyTjV2VmdNOUJuVjVRTGJBYVBpTjFPbzVYdGRtZGwxOFhVdlUxN1B3cS5qZXVzX2RvbWFpbi9lcC13YXMtMTg0LXhicnY5(18010)-----14:57:53
	SetCurrentPath:C:\Program Files (x86)\KSIGN\KCase(18016)-----14:57:53
	SetSessionId:SmVzWDFmVDEwYkltdWpqMkdhbGp6MGZ0MWk2dEVNWEpuaWg3Q1djcTlFZ0x5MUtUdDhWT2lDck1yM2NMWGxRTi5qZXVzX2RvbWFpbi9lcC13YXMtMTg0LXhicnY5(18010)-----14:58:19
	SetCurrentPath:C:\Program Files (x86)\KSIGN\KCase(18016)-----14:58:19
	SetSessionId:OHFtZWxiWmpVVW92enRteVBkYnVDMjh5RGZqeWF6d1duVXpMNElIYmFMZmxrdUo1dG1vT0o3VjY2bU5QMDhhdC5qZXVzX2RvbWFpbi9lcC13YXMtMTg0LXhicnY5(18010)-----15:2:5
	SetCurrentPath:C:\Program Files (x86)\KSIGN\KCase(18016)-----15:2:5
	SetSessionId:CnUmAhQMS9g=(18010)-----15:3:20
	SetCurrentPath:C:\Program Files (x86)\Ksign\KCase(18016)-----15:3:20
	SetSessionId:Uk1pdmlpZTNBRmdLOGVTNjNud3d6d3UyTlRMZXI4WXpuODkwMURPN1BJM3RWOWJJdDluSVpXVDFKanNQaHlldy5qZXVzX2RvbWFpbi9lcC13YXMtMTg0LWRkZDc4(18010)-----15:4:22
	SetCurrentPath:C:\Program Files (x86)\KSIGN\KCase(18016)-----15:4:22
	SetSessionId:MUtkUERYY2hMOHlCWVBnRnVhU3NhTXFVa3pyMUtDeU9udkZMUjIzQks1VFcyZVE5dGQxbWVsT2lLRVhvbElJNS5qZXVzX2RvbWFpbi9lcC13YXMtMTg0LWNsbDho(18010)-----15:8:28
	SetCurrentPath:C:\Program Files (x86)\KSIGN\KCase(18016)-----15:8:28
	SetSessionId:M2k4Y2hTVzFRb25FR1dFaGg2d01hVEVxVlJqamc0V3l6dm13T3JiYnhTTnhTWk1GdE8zOWFSc25pRjZEcVczTy5qZXVzX2RvbWFpbi9lcC13YXMtMTg0LXhicnY5(18010)-----8:29:39
	SetCurrentPath:C:\Program Files (x86)\KSIGN\KCase(18016)-----8:29:39
	SetSessionId:mvJjOjZ42cg=(18010)-----14:7:19
	SetCurrentPath:C:\Program Files (x86)\KSIGN\KCase(18016)-----14:7:19
	SetSessionId:aUVjYU42VWRza2tnVE1pcnNzZUNOZm5yZk5oWXJVOFB2MlIxbmkwWGVZT1BFWlcxdDJwbXFjeG55MkQxY2pRby5qZXVzX2RvbWFpbi9lcC13YXMtMTg0LXhicnY5(18010)-----8:42:22
	SetCurrentPath:C:\Program Files (x86)\KSIGN\KCase(18016)-----8:42:22
	SetSessionId:ZGl6OG1jQ3djYlVCU1plWnpMRFE4eU0xWE5EN1BlemN2d3pjMTV5VTZ5UkFLblpYdGV5ZFM3c0xhSVJqYlZ3Wi5qZXVzX2RvbWFpbi9lcC13YXMtMTg0LXhicnY5(18010)-----14:51:9
	SetCurrentPath:C:\Program Files (x86)\KSIGN\KCase(18016)-----14:51:9
	SetSessionId:TlF1MmFhOFU4aHV1NGFhbnBETGNZNGdiQWQ0TUpSRExsRzRGQkRORWJLb0ZjUm5UdE03Q1V6Z2haNFg0cEdYSS5qZXVzX2RvbWFpbi9lcC13YXMtMTg0LWNsbDho(18010)-----8:41:21
	SetCurrentPath:C:\Program Files (x86)\KSIGN\KCase(18016)-----8:41:21
	SetSessionId:R2FqWmlFbkNpcmtXUHVXSFZuWTFEbWhMMW9VRGF0WGNXVjlXM3pmT3R4OGhYMXFndDRXRGN4UkZSMDlLaXN4dy5qZXVzX2RvbWFpbi9lcC13YXMtMTg0LWRkZDc4(18010)-----9:19:36
	SetCurrentPath:C:\Program Files (x86)\KSIGN\KCase(18016)-----9:19:36
	SetSessionId:SjFjcjcwZmdab2loY0NSU1o3d20yOWFSY2lONWVMYktMdVAzQ01qelpEUWtXY3NUdDdXMmd4VGhhMUpQTG5yMC5qZXVzX2RvbWFpbi9lcC13YXMtMTg0LTZtbmg0(18010)-----12:33:6
	SetCurrentPath:C:\Program Files (x86)\KSIGN\KCase(18016)-----12:33:6
	SetSessionId:d3UzRWlaejk5NUlNYlA3V2lzbFJLRG5vRkVISG52Y3dMMWNUMzYzVTVMQm12eGJUdEZlMVgzRml0ZUcxbDludS5qZXVzX2RvbWFpbi9lcC13YXMtMTg0LXhicnY5(18010)-----16:33:20
	SetCurrentPath:C:\Program Files (x86)\KSIGN\KCase(18016)-----16:33:20
	SetSessionId:VGtLQUswZG01RHpGMlRhUXRQcjQ3ZmVQcXdkSURQckJ3RWExWVB6VkhaenY1MUNwdGN0Q09PQ1drSlVDUXJhOS5qZXVzX2RvbWFpbi9lcC13YXMtMTg0LXdrNWx2(18010)-----8:49:14
	SetCurrentPath:C:\Program Files (x86)\KSIGN\KCase(18016)-----8:49:14
	SetSessionId:MWduVFQ4UjJNU1NJQkFQaWRPaFk5N3drZnVwYzQzdTB3dURUV21wRUdCWm42NnJ3dHczUXFBbDdSSlVmTEU1ZS5qZXVzX2RvbWFpbi9lcC13YXMtMTg0LXdrNWx2(18010)-----14:9:36
	SetCurrentPath:C:\Program Files (x86)\KSIGN\KCase(18016)-----14:9:36
	SetSessionId:Q3F0eFAyaFNKTDV2bTZwWTczZEpVMkRYYzdaREpMSGlhdlh3UmNya2k3MUVXdmludFB3VDdja25jOFc5T0w2eC5qZXVzX2RvbWFpbi9lcC13YXMtMTg0LTZtbmg0(18010)-----14:56:11
	SetCurrentPath:C:\Program Files (x86)\KSIGN\KCase(18016)-----14:56:11
	SetSessionId:Z29HZlczajZEdTU3dnp3Tkl6V1BkcDBON1JFTFFwa1lZbTl1dHpXNXc5Z3QxcXN5dDF4aTAzVUFqWUxvZk9ZOS5qZXVzX2RvbWFpbi9lcC13YXMtMTg0LW12dzds(18010)-----14:54:41
	SetCurrentPath:C:\Program Files (x86)\KSIGN\KCase(18016)-----14:54:41
	SetSessionId:R09FREc5VXFXNXJCSm50MFJWenFPQ0o2MmJMajN5czBZd2dnTmhRMEttWHROQUlqdFp4STc4OUhKcUdJVjJVUi5qZXVzX2RvbWFpbi9lcC13YXMtMTg0LTZtbmg0(18010)-----16:33:34
	SetCurrentPath:C:\Program Files (x86)\KSIGN\KCase(18016)-----16:33:34
	SetSessionId:RWU2TE9pUjg1TGF6Um5QM1dsOWFldFppeUhvaUxqTkdCNktMRWFacllralJTOHFhdGRzSHlPemFSa1BoNjdLQy5qZXVzX2RvbWFpbi9lcC13YXMtMTg0LW12dzds(18010)-----10:40:23
	SetCurrentPath:C:\Program Files (x86)\KSIGN\KCase(18016)-----10:40:23
	SetSessionId:ZVg4bHhnSXZhOEJhUXBsU0U1bUZKSjVIVkVkdW1vWmpmd1pNTFRoTnNpTGJhd1NvdER0eGI2cUEzNVllT2xKMi5qZXVzX2RvbWFpbi9lcC13YXMtMTg1LXpsd3Ji(18010)-----8:32:42
	SetCurrentPath:C:\Program Files (x86)\KSIGN\KCase(18016)-----8:32:42
	SetSessionId:MW10QXp3RXNNZTMxbnQ5UTlKTXVtd01Fa3ZCQThLZ29mMTdhcjlpZUpPRnJPTG9VdHgxaEszZkN0bzViT3ZsSy5qZXVzX2RvbWFpbi9lcC13YXMtMTg1LXpsd3Ji(18010)-----14:42:25
	SetCurrentPath:C:\Program Files (x86)\KSIGN\KCase(18016)-----14:42:25
	SetSessionId:MXU2Um43YzhDNW8xSDFkU1AyTmF6SnFpWDZoQXZhczdhZUZjeHlhWlFURzlxaXVodExEU2NKUFdxVEZzVW1Mdi5qZXVzX2RvbWFpbi9lcC13YXMtMTg1LXB4aDl3(18010)-----8:21:38
	SetCurrentPath:C:\Program Files (x86)\KSIGN\KCase(18016)-----8:21:38
	SetSessionId:eUJOOXhZWU93Rkh0TVBQMjRXdXlJdzhRVVRsMXA1TkQxTFg3bllSUU84RDhpYllUdDd4czM0NVlWSWhSd2JCbC5qZXVzX2RvbWFpbi9lcC13YXMtMTg1LXB4aDl3(18010)-----8:50:44
	SetCurrentPath:C:\Program Files (x86)\KSIGN\KCase(18016)-----8:50:44
	SetSessionId:ZTg3YVZ6VEgwUUJ1OHFlSjE3RVNwUG9pakJzVUR0VDUxMVJwODFQbXlaeGFONnpOdERocE1mQ2s5V0lteUFEay5qZXVzX2RvbWFpbi9lcC13YXMtMTg1LTV2bmc3(18010)-----11:14:30
	SetCurrentPath:C:\Program Files (x86)\KSIGN\KCase(18016)-----11:14:30
	SetSessionId:dVRoZjRiMTFxaVFjR05XWWhiY0tYS1prODhSanJlZFpEVzRXWXI2ZGcxSnkwYW1idFk3TkFNdmVoVm5JVkJDbi5qZXVzX2RvbWFpbi9lcC13YXMtMTg1LTV2bmc3(18010)-----14:15:56
	SetCurrentPath:C:\Program Files (x86)\KSIGN\KCase(18016)-----14:15:56
	SetSessionId:NkJ2TkxUZzlka0x2V253SmhEYmpQclJSRU1DYW9ub2tEYVNQQld6YTF1SGJlcGN0dGFIbVhCU2UxbTMwdXFFMS5aV1IxWm1sdVpWOWtiMjFoYVc0dlpXUjFabWx1WlRjdE1nPT0=(18010)-----14:59:4
	SetCurrentPath:C:\Program Files (x86)\KSIGN\KCase(18016)-----14:59:4
	SetSessionId:MzlVcTBvaEszVDlINVB2ZW5WTER1ekxZU0ZSN2hscUxpa0dObTVjZEVjb1llcURCdER2dTVoYzNnZXJSQlpPcy5qZXVzX2RvbWFpbi9lcC13YXMtMTg1LXB4aDl3(18010)-----14:41:27
	SetCurrentPath:C:\Program Files (x86)\KSIGN\KCase(18016)-----14:41:27
	SetSessionId:aE0xUGdKMWptd0ZLSFlBRXVWYnllQmNhRkpMaVphRW91WndzZVJiZmUyb01xMmdzdHFhZVRzUjA4VmNsdjczQy5qZXVzX2RvbWFpbi9lcC13YXMtMTg1LXZ0dHhy(18010)-----8:54:31
	SetCurrentPath:C:\Program Files (x86)\KSIGN\KCase(18016)-----8:54:31
	SetSessionId:MTFyT1MxbXRwYXBJZWNkZzdVMmt1WldlbG53NkJYbWFORDJkU1dmYXNrcDZ5ZU1jdHJ2WldUdm5pQVRhdlNHNC5qZXVzX2RvbWFpbi9lcC13YXMtMTg1LTV2bmc3(18010)-----14:1:44
	SetCurrentPath:C:\Program Files (x86)\KSIGN\KCase(18016)-----14:1:44
	SetSessionId:SnNvVmlhQm9VaUl5V0JTZXhVVjZ2NFAxSnRlRDRKNXRScTB4QnpvdlhxeXpzTUFadEc4RjdhYTBUNXJJeWhCQi5qZXVzX2RvbWFpbi9lcC13YXMtMTg2LWZ2eGc1(18010)-----8:21:58
	SetCurrentPath:C:\Program Files (x86)\KSIGN\KCase(18016)-----8:21:58
	SetSessionId:WENxazczMTVkQjJvWFdxaUJFMWJjQ0NVdEhvSndlRG9Sd0xuZkV6Y3NZSnE2ZE5vdDcyMWFIaEtseU5QY0pORS5qZXVzX2RvbWFpbi9lcC13YXMtMTg2LWZ2eGc1(18010)-----14:11:34
	SetCurrentPath:C:\Program Files (x86)\KSIGN\KCase(18016)-----14:11:34
	SetSessionId:qJkV8h2m/9M=(18010)-----15:58:38
	SetCurrentPath:C:\Program Files (x86)\KSIGN\KCase(18016)-----15:58:38
	SetSessionId:SXJtaEVNeVZXV3JQNWNFNHVvTld6cjdZclR3TUZ5clNyZzJ1aVlJUVNwOThTTWxTdGY2eElSZUFnMFNCUHdZcy5qZXVzX2RvbWFpbi9lcC13YXMtMTg2LXFzYjI3(18010)-----8:28:37
	SetCurrentPath:C:\Program Files (x86)\KSIGN\KCase(18016)-----8:28:37
	SetSessionId:MTFTMUtJZFpYcHNiMjV5dHQ5SU54eWRTNUxqRUNBN2hyYXV4RHluYTBtUE50RXBqdGdBaW02RWFkTUpnajNTRi5qZXVzX2RvbWFpbi9lcC13YXMtMTg2LWNsYzYy(18010)-----10:48:43
	SetCurrentPath:C:\Program Files (x86)\KSIGN\KCase(18016)-----10:48:43
	SetSessionId:V2ljdmFYVVdZbndaejVpQjZMam9MUWJwTGxzMUFBZXdIYVU3RkFDUWdiTHNsa2QzdEJTZ3BHSUlKN3NhVmN2ci5qZXVzX2RvbWFpbi9lcC13YXMtMTg2LWNsYzYy(18010)-----13:55:57
	SetCurrentPath:C:\Program Files (x86)\KSIGN\KCase(18016)-----13:55:57
	SetSessionId:MVgyaDE5eUloRzJ4NjhYMTFnNGFlY3E4UmRMV1hqenJYb2l1RFdqaVNnTFFhODZLdHhVbUFMYTNPTFJ1eXZkdC5qZXVzX2RvbWFpbi9lcC13YXMtMTg2LWZ2eGc1(18010)-----8:40:34
	SetCurrentPath:C:\Program Files (x86)\KSIGN\KCase(18016)-----8:40:34
	SetSessionId:OjF5YlBJ/xs=(18010)-----10:36:21
	SetCurrentPath:C:\Program Files (x86)\KSIGN\KCase(18016)-----10:36:21
	SetSessionId:MDY3Vk4wVWZISDdVTnZiODJsbmZXZkxpTlk5WUUxT0kyS1FFODU1RjdkalV3Qmk4dG10MTVQaTJocmtwemUxby5qZXVzX2RvbWFpbi9lcC13YXMtMTg2LWZ2eGc1(18010)-----14:30:44
	SetCurrentPath:C:\Program Files (x86)\KSIGN\KCase(18016)-----14:30:44
	SetSessionId:YVFSYWFVS0VZMmF5VENtbXNhemxRWEJ1NUUxeEdCclZTR3o2RnJGOGtqWjVPOGQxdGxLYXM1bGFMQTkyT3p1Vy5qZXVzX2RvbWFpbi9lcC13YXMtMTg2LWYyajU0(18010)-----8:35:52
	SetCurrentPath:C:\Program Files (x86)\KSIGN\KCase(18016)-----8:35:52
	SetSessionId:STE2amZsRkE2aTZPeHVYM1RNOUhCMFhObHd3M0pGbXlTWEdOUlUzcXk0Slg5YkVQdHJYOUFzMnhwb0JEemRRVC5qZXVzX2RvbWFpbi9lcC13YXMtMTg2LTI1OWg4(18010)-----10:26:49
	SetCurrentPath:C:\Program Files (x86)\KSIGN\KCase(18016)-----10:26:49
	SetSessionId:NVIycFI2S2poOHljajA1ajRwdUxhSVhvZ0QweGc3SW1TdzF0c09qc3djZDhWZldxdGtmUVU0WHdJaDBUUG0wbi5qZXVzX2RvbWFpbi9lcC13YXMtMTg2LTI1OWg4(18010)-----14:10:56
	SetCurrentPath:C:\Program Files (x86)\KSIGN\KCase(18016)-----14:10:56
	SetSessionId:R0VmUXpvbUtFVEZhNFhMbFlSRm1IVzFWcVNES2ZxV2tvbXNVNk9yaXFXMzZjVnFxdEh1b1V2WDRHTHhESDNhMi5qZXVzX2RvbWFpbi9lcC13YXMtMTg3LTV3NzY4(18010)-----10:53:59
	SetCurrentPath:C:\Program Files (x86)\KSIGN\KCase(18016)-----10:53:59
	SetSessionId:aEpLREdKNkY3QVlWZ1ozMTlMM2JKOTJNaXZLR0V4NEpZejdWV1Y1SmFUZ2dadkdUdDY3S1Bwbmg0SVBWYmFsRS5qZXVzX2RvbWFpbi9lcC13YXMtMTg3LTVzbnRy(18010)-----11:14:2
	SetCurrentPath:C:\Program Files (x86)\KSIGN\KCase(18016)-----11:14:2
	SetSessionId:eFdGbElxSTlPMDFzamR6WjV5c3o1WmZxSnNoWWF0U1pCdmtTb2dmT2pQdjBqc0ExdDJpWDBEdjBYWjJ0OVhRVC5qZXVzX2RvbWFpbi9lcC13YXMtMTg3LTZoZDl2(18010)-----9:47:7
	SetCurrentPath:C:\Program Files (x86)\KSIGN\KCase(18016)-----9:47:7
	SetSessionId:aXNQNWxLT2xvRlJhTGliY3M5QmhkWGJGTUl4RUpXVzVrWndLY3FGMDBQdFhiUmRtdFd3c3NaWGtUaFpGT2FMdS5qZXVzX2RvbWFpbi9lcC13YXMtMTg4LWcyZm03(18010)-----10:7:52
	SetCurrentPath:C:\Program Files (x86)\KSIGN\KCase(18016)-----10:7:52
	SetSessionId:YTB1aEdqMTBsaDRaYUxMMW5GUlVmTWJNTmdCd2Q5MHdrWDVWNERhSk9CZDV6UjYxdEJvSDVzMzFIYThxTVpQUC5qZXVzX2RvbWFpbi9lcC13YXMtMTg4LTljMnF4(18010)-----16:11:17
	SetCurrentPath:C:\Program Files (x86)\KSIGN\KCase(18016)-----16:11:17
	SetSessionId:blBCZzgxUzV5cG5rTFJwVlpWNEZaT21PaUNJYmZmV081U1ZDdWFHSXhhMkgxcHNsdEJzWHdYRzl2SE5zanhTcy5qZXVzX2RvbWFpbi9lcC13YXMtMTg4LXpkZmtt(18010)-----8:36:39
	SetCurrentPath:C:\Program Files (x86)\KSIGN\KCase(18016)-----8:36:39
	SetSessionId:aUd0MXVhaU9kUEdOSW1UTktTMWtGT0NEUGhZS1VTRG01YVlwVnFnWlJOSUYxWkZzdGM4VXphODgwdUhPc3l0Yy5qZXVzX2RvbWFpbi9lcC13YXMtMTg4LXpkZmtt(18010)-----12:10:29
	SetCurrentPath:C:\Program Files (x86)\KSIGN\KCase(18016)-----12:10:29
	SetSessionId:bkhDWFJ0d0NmYWFUMW9rSzkxVWpJY1FjaWI5UzBCSXdmQ2loSVRTbWFYMVgxbkdYdDVRdU8xWDZsWlRiSVFTUC5qZXVzX2RvbWFpbi9lcC13YXMtMTg4LXNtYzJs(18010)-----8:16:20
	SetCurrentPath:C:\Program Files (x86)\KSIGN\KCase(18016)-----8:16:20
	SetSessionId:YXMxVVhlNjNpWFFqaGZ6YWQ5akZGVnZsbmU3SFFjYW5mMmRuZk11alFkdlkySnRYdGF2VldmMUVNY2hqRDdJSy5qZXVzX2RvbWFpbi9lcC13YXMtMTg4LTljMnF4(18010)-----14:45:52
	SetCurrentPath:C:\Program Files (x86)\KSIGN\KCase(18016)-----14:45:52
	SetSessionId:SWxzMGs1dW9hYllVQU9qVWF6N2R4S25hZlZudm9xZHpta3ljek0xUWF1cW52ZENIdDE4VnI3QlBVUDQxTnFOci5qZXVzX2RvbWFpbi9lcC13YXMtMTg4LWp2aGNn(18010)-----8:45:58
	SetCurrentPath:C:\Program Files (x86)\KSIGN\KCase(18016)-----8:45:58
	SetSessionId:cVFEd2x1eU1kQmVCM28xbmFLd0JaRjFTZHJuclpuOUJhYlowQnVVTGtYREVMTjNqdE85QmxYajVyWlRybjREWi5qZXVzX2RvbWFpbi9lcC13YXMtMTg4LWcyZm03(18010)-----9:34:24
	SetCurrentPath:C:\Program Files (x86)\KSIGN\KCase(18016)-----9:34:24
	SetSessionId:VlBxWkdoeHpnTU9MdUlycm83a0xIaDlMVTFCMlpGYjMxVmtyZGsyUVQ2RUk0VXBsdFR5MVloemh2d2ZXdHRvZy5qZXVzX2RvbWFpbi9lcC13YXMtMTg4LXNtYzJs(18010)-----14:3:23
	SetCurrentPath:C:\Program Files (x86)\KSIGN\KCase(18016)-----14:3:23
	SetSessionId:ZzFVMTJtQU9ON0lRZDZsYVlGUGtUTEVoSEdqWkczTlc4NHdYR1JxQ1hhYndMb2hkdFBhUGVhVHdJU1Y3N3NXRS5qZXVzX2RvbWFpbi9lcC13YXMtMTg4LWcyZm03(18010)-----8:26:10
	SetCurrentPath:C:\Program Files (x86)\KSIGN\KCase(18016)-----8:26:10
	SetSessionId:R0Z0ZTY5QzdxaWVVNUZ4VEdETEhOT3h6OGUyOFJpWjBESnFVMFpPYXVnaWw0d3FMdEFaMUpnQmN2YzNKWUkxZS5qZXVzX2RvbWFpbi9lcC13YXMtMTg4LXpkZmtt(18010)-----8:33:15
	SetCurrentPath:C:\Program Files (x86)\KSIGN\KCase(18016)-----8:33:15
	SetSessionId:TkVybDdhZWVvNW5QaDFzaWFaWHdOVHo5WkhCWmo2T3lHNWp3RnAxTFR4amx6QUFqdDRWYXczMXVoeWpLM0tXZS5qZXVzX2RvbWFpbi9lcC13YXMtMTg4LXpkZmtt(18010)-----14:44:46
	SetCurrentPath:C:\Program Files (x86)\KSIGN\KCase(18016)-----14:44:46
	SetSessionId:eVZzbDFJR1Z5S0NjbFhsdjRSZnMyU2FHcHo3akVHWkgxTWYxaXNwZDQ3V1FlTXNkdDVhN1A2VXJvSGxUZ2NnVy5qZXVzX2RvbWFpbi9lcC13YXMtMTg4LWcyZm03(18010)-----8:39:7
	SetCurrentPath:C:\Program Files (x86)\KSIGN\KCase(18016)-----8:39:7
	SetSessionId:TWt0dWlzUEE2cHRVb2Q1aWREM0RkVWdZdmZmNE91QU0xT2Rpc05OYWY1VWhkcTZQdDdUU1oyMHRFaGwycWlFbC5qZXVzX2RvbWFpbi9lcC13YXMtMTg4LWcyZm03(18010)-----14:44:56
	SetCurrentPath:C:\Program Files (x86)\KSIGN\KCase(18016)-----14:44:56
	SetSessionId:Uk9NczExcTczTmxkWnZzN2FaMHZ1TFBOSGliajZNOVIxZWV4Y2N6U1NaSWY4Wk12dDdSeEZTV2o0TWEzSjc3Ti5qZXVzX2RvbWFpbi9lcC13YXMtMTg4LWN2eDls(18010)-----15:33:44
	SetCurrentPath:C:\Program Files (x86)\KSIGN\KCase(18016)-----15:33:44
	SetSessionId:cFd1d20xaktXTWt2ektxemFkZHA1QkV3VFBmYWFJU0cxT3lJNWk2TWVScEF4UUpkdDJaWnQwaEEwQzEyNmFqRS5aV1IxWm1sdVpWOWtiMjFoYVc0dlpXUjFabWx1WlRRdE1nPT0=(18010)-----15:34:15
	SetCurrentPath:C:\Program Files (x86)\KSIGN\KCase(18016)-----15:34:15
	SetSessionId:cFd1d20xaktXTWt2ektxemFkZHA1QkV3VFBmYWFJU0cxT3lJNWk2TWVScEF4UUpkdDJaWnQwaEEwQzEyNmFqRS5aV1IxWm1sdVpWOWtiMjFoYVc0dlpXUjFabWx1WlRRdE1nPT0=(18010)-----8:29:40
	SetCurrentPath:C:\Program Files (x86)\KSIGN\KCase(18016)-----8:29:40
	SetSessionId:NkNTR210eERQbUc5OGFaV3Jmd1p3eTB3YTNDVGdvOHZOWHZOcndmUkNlaDhkWUxSdGFCRmdhSDdaNFJkRmxtMC5qZXVzX2RvbWFpbi9lcC13YXMtMTg5LXpiaGJi(18010)-----10:43:53
	SetCurrentPath:C:\Program Files (x86)\KSIGN\KCase(18016)-----10:43:53
	SetSessionId:N2tZbDFJcWV5bnFsaDZKaTFVUzNkMzFvTGthZzRGZGFSOXd3YzJQbWlIcHZKZGFRdHViSkdrWWhDRDgyZnMxWS5qZXVzX2RvbWFpbi9lcC13YXMtMTg5LXpiaGJi(18010)-----8:32:55
	SetCurrentPath:C:\Program Files (x86)\KSIGN\KCase(18016)-----8:32:55
	SetSessionId:ek05M2hRNjBLZkZSY3JyeEVKVm1tYTA3UUxBTDFUUlNaaGJPamFpZWdGSHgyQUhSdGZaRXFKM2h5V0k0RmR4YS5qZXVzX2RvbWFpbi9lcC13YXMtMTg5LXpiaGJi(18010)-----13:22:1
	SetCurrentPath:C:\Program Files (x86)\KSIGN\KCase(18016)-----13:22:1
	SetSessionId:RlhQSlFqWlF3bDVqSldmOUhhMmVvbjZYTFV0TFR5Mm1aTXFrdXgxWlZOTjNuSDFVdGYxbFJhSkdqTVlTTTFhMS5qZXVzX2RvbWFpbi9lcC13YXMtMTg5LWs5ZmJ0(18010)-----14:9:18
	SetCurrentPath:C:\Program Files (x86)\KSIGN\KCase(18016)-----14:9:18
	SetSessionId:dUZ4WlZFUEVMcU1qUkh6TjJUaWhQWTU0SmZta0NZdHByT0xYbThDZU51N3FyYnU3dEtSRmdjaTZ1ZzNNbUxjdi5qZXVzX2RvbWFpbi9lcC13YXMtMTg5LTZ0Mmxk(18010)-----8:34:33
	SetCurrentPath:C:\Program Files (x86)\KSIGN\KCase(18016)-----8:34:33
	SetSessionId:VkE4RmRYTTcwcElHejdWRkJlWWlMWTQ2UGlIeXp2Sk9IQnA0cHhrNFNlVGE3WXBmdENNYU1RSnF5bFY3Q3UyRS5qZXVzX2RvbWFpbi9lcC13YXMtMTg5LXptOGNt(18010)-----9:53:55
	SetCurrentPath:C:\Program Files (x86)\KSIGN\KCase(18016)-----9:53:55
	SetSessionId:VFZaTHhVbHlZOE5GUEJ2YW03MUJya2xVUGxhMDFpRVZ5S3FoM1hCdjY0V0Z2bzVmdGFzbVdZWHc3ZWRLMUFLMi5qZXVzX2RvbWFpbi9lcC13YXMtMTg5LWs5ZmJ0(18010)-----14:47:37
	SetCurrentPath:C:\Program Files (x86)\KSIGN\KCase(18016)-----14:47:37
	SetSessionId:U1Y5YjZnY3huOTVnQlB0Zk9HMmNKNlVrSm9wT3UyV295Mlk1V1BYM252dXY4WGNJdFQ2NHdyZE5udlhTV1oxZC5qZXVzX2RvbWFpbi9lcC13YXMtMTg5LWs5ZmJ0(18010)-----21:15:19
	SetCurrentPath:C:\Program Files (x86)\KSIGN\KCase(18016)-----21:15:19
	SetSessionId:am9ua255TTJuOFljNWlxTkE0cmgxeWhSZkI3NjJLa2FiRFBWOU81ekZ0SFNBVXpxdG5mMUN5WjNVR2N5WHkxSC5qZXVzX2RvbWFpbi9lcC13YXMtMTkwLTZtamw5(18010)-----17:24:12
	SetCurrentPath:C:\Program Files (x86)\KSIGN\KCase(18016)-----17:24:12
	SetSessionId:YVBXT0RkMExuSkVWeEp2YVh1UTFhamY1T1pDSG5lYW96OThyNmFiQm9nVTh2cnlTdHMwRXVhN3VVWVFZTWtpTy5qZXVzX2RvbWFpbi9lcC13YXMtMTkwLTZtamw5(18010)-----12:13:57
	SetCurrentPath:C:\Program Files (x86)\KSIGN\KCase(18016)-----12:13:57
	SetSessionId:S1pQbnlHQUxRWFNnYVE0aktaMFZwWERyREMyVDF4OWJ6ZUxNYWFOdU9EbVdWS1p4dFJLODNxaWs4SnhHUWhEcS5qZXVzX2RvbWFpbi9lcC13YXMtMTkwLTZtamw5(18010)-----15:23:49
	SetCurrentPath:C:\Program Files (x86)\KSIGN\KCase(18016)-----15:23:49
	SetSessionId:Apg70O2TnYY=(18010)-----17:12:43
	SetCurrentPath:C:\Program Files (x86)\KSIGN\KCase(18016)-----17:12:43
	SetSessionId:kyqzYEXm1Po=(18010)-----17:13:25
	SetCurrentPath:C:\Program Files (x86)\KSIGN\KCase(18016)-----17:13:25
	SetSessionId:dkxpaEN6Mko1TzcxdmlTNGdRSkFlMTFqdXZpZ1R5RlZ6TW5yZjJJWFc5OEw5SGJrdFY4QUZqMTZIOXFqTzVTcS5qZXVzX2RvbWFpbi9lcC13YXMtMTkwLWNkY2M4(18010)-----17:13:31
	SetCurrentPath:C:\Program Files (x86)\KSIGN\KCase(18016)-----17:13:31
	SetSessionId:NEhpNXI0OU5JNXFnY0NFMXAybm8yQlN1MU8zSE1aSDd6Z2U1d25sSDd3ZTNObXpZdDNiVzdCcnlEOHBvdmR2VC5qZXVzX2RvbWFpbi9lcC13YXMtMTkwLXo0cWp0(18010)-----17:52:50
	SetCurrentPath:C:\Program Files (x86)\KSIGN\KCase(18016)-----17:52:50
	SetSessionId:c0dTNTFWdHM2RjJYenJvcmw1ZnBaa0JwV0MxRkFrN012N29vbFZDWmNPUDRaVFNUdEtGYVd4OEhTYTM1MVdiai5qZXVzX2RvbWFpbi9lcC13YXMtMTkwLWNkY2M4(18010)-----8:3:49
	SetCurrentPath:C:\Program Files (x86)\KSIGN\KCase(18016)-----8:3:49
	SetSessionId:YVBPUWFaMUJUN3lydDFBQVcwb3dHd0Y1SWpzZm1jYWF2VU5pSm8xWld4R3F2TXFUdEtkcTFqb09SUnBZVUxONC5qZXVzX2RvbWFpbi9lcC13YXMtMTkwLTZtamw5(18010)-----8:19:14
	SetCurrentPath:C:\Program Files (x86)\KSIGN\KCase(18016)-----8:19:14
	SetSessionId:eUFxWUxmdG9hbmV6WHNtT2xrSTE0d2w1aVVPUllYeFl2djB3a0dhYnF5ZGs2WHNGdDU4Y1NRRTZieTdacTA4Ti5aV1IxWm1sdVpWOWtiMjFoYVc0dlpXUjFabWx1WlRjdE1nPT0=(18010)-----9:7:2
	SetCurrentPath:C:\Program Files (x86)\KSIGN\KCase(18016)-----9:7:2
	SetSessionId:dElYTHZ1MjdsUGUwSmRpMkZxRmJhN29DbW9pMzV6MDd2S1MxWEJHeTNOSnFSN1ZydEVWYUU3V1RhZXgyMmFFMi5qZXVzX2RvbWFpbi9lcC13YXMtMTkwLWNkY2M4(18010)-----9:32:52
	SetCurrentPath:C:\Program Files (x86)\KSIGN\KCase(18016)-----9:32:52
	SetSessionId:VTQ4U0h5YXItVi00eWcwQ1RCOEFHSzBMX2FQY2JvdWNhNjI5Wk5nMw==(18010)-----14:38:7
	SetCurrentPath:C:\Program Files (x86)\KSIGN\KCase(18016)-----14:38:7
	SetSessionId:MzAxTDNFTzNuOWdZalA4TDNmS0g0eTg1SmZtaDV3RnZ2aEtiUXhLUExsVndPblVOdDB6c2ozYXM1WWljdVVjeS5aV1IxWm1sdVpWOWtiMjFoYVc0dlpXUjFabWx1WlRjdE1nPT0=(18010)-----14:49:23
	SetCurrentPath:C:\Program Files (x86)\KSIGN\KCase(18016)-----14:49:23
	SetSessionId:ckdKWVRoamFkck1mOTZEMTdheTR0VmFFUzVFSlQ5SFV2TEQ0dnV4U21xaDRwUEx1dGx3Q29saEpsamRpYWFiSS5qZXVzX2RvbWFpbi9lcC13YXMtMTkwLW43MjRo(18010)-----16:44:17
	SetCurrentPath:C:\Program Files (x86)\KSIGN\KCase(18016)-----16:44:17
	SetSessionId:b2ZvdGVrbmFzV2phaUJUbzFjQmFUMzFDUW9VN0RFT1BsRHFOUDhoMHJ3RmR6c0xndEhLZ1F0b0RyVDh1YVhDbS5qZXVzX2RvbWFpbi9lcC13YXMtMTkwLXo0cWp0(18010)-----18:51:46
	SetCurrentPath:C:\Program Files (x86)\KSIGN\KCase(18016)-----18:51:46
	SetSessionId:Q05RSHJrNEw1UHphbjFpUzFkQ3Y3VlkxWjNJdTdzTFNsRVRZRG5KbTNUWnZmUHl5dDZCaWd5SFBmMmdDT3Ztbi5aV1IxWm1sdVpWOWtiMjFoYVc0dlpXUjFabWx1WlRFdE1nPT0=(18010)-----18:59:3
	SetCurrentPath:C:\Program Files (x86)\KSIGN\KCase(18016)-----18:59:3
	SetSessionId:YTE1SmFyNTFwOTlsRWdOVnJqYWRNSk5yYXNSY1lyTVdsY05CM1Q0WWhvd29uUm9kdGpiU0RUT0Q3bU00dUZDNC5qZXVzX2RvbWFpbi9lcC13YXMtMTkwLTZtamw5(18010)-----9:26:28
	SetCurrentPath:C:\Program Files (x86)\KSIGN\KCase(18016)-----9:26:28
	SetSessionId:RlFCOHJobm9zSFRGOFF6N3JlT0NhMjJXcHl4RXdTaHRsdm5PZ0RuVndkYk5ta3RmdE82d3RxcXZ5bWZ6UWpqai5aV1IxWm1sdVpWOWtiMjFoYVc0dlpXUjFabWx1WlRZdE1nPT0=(18010)-----9:27:49
	SetCurrentPath:C:\Program Files (x86)\KSIGN\KCase(18016)-----9:27:49
	SetSessionId:MVhxeTEzQjVBT3oxUE5iRXNaOU9uRnlrdlpXbTFXYXJscmJBc2lQS2E4MVlIcUoxdFVYR2dDQ1FOZ2V5Z0pKdC5ZblZ6WVc1ZlpXUjFMMDFCU1U0eE1nPT0=(18010)-----9:36:30
	SetCurrentPath:C:\Program Files (x86)\KSIGN\KCase(18016)-----9:36:30
	SetSessionId:d2EyRzFZb2Rvb3RyN0NFNmVkREZaRFJKVVl4SDJWdGxseUswTXBHeHFLWmFDMWpWdDRTVWdWZDdBSnI4YVhPQy5VRUpUVTFNdlFsTlRVekV4(18010)-----9:37:52
	SetCurrentPath:C:\Program Files (x86)\KSIGN\KCase(18016)-----9:37:52
	SetSessionId:UGs0cUJGaVl0MFhZRGhVMm1abmx4a01McUg2a2UzVE5sSmVTRzFtTTVhZno1dXlzdG4xTmZjU1QxOGdndTBkNS5qZXVzX2RvbWFpbi9lcC13YXMtMTkwLTZtamw5(18010)-----12:42:1
	SetCurrentPath:C:\Program Files (x86)\KSIGN\KCase(18016)-----12:42:1
	SetSessionId:RkFCRTI2REYxOUFFQjRBOEE2OEYyMzREOENBMjVDQTY=(18010)-----14:41:27
	SetCurrentPath:C:\Program Files (x86)\KSIGN\KCase(18016)-----14:41:27
	SetSessionId:ARi1aM8oKzw=(18010)-----14:44:30
	SetCurrentPath:C:\Program Files (x86)\KSIGN\KCase(18016)-----14:44:30
	SetSessionId:N3R3Uzg3MVgwQWUyNkdBVFpCbUV4ZkM4clBEZnBUbnp0T2lmWEY5RDR0RG0za1lvdFVkM2hhNjh1TUFEUzlaQi5qZXVzX2RvbWFpbi9lcC13YXMtMTkwLTZtamw5(18010)-----18:28:6
	SetCurrentPath:C:\Program Files (x86)\KSIGN\KCase(18016)-----18:28:6
	SetSessionId:TDltRXdLekVnTEpyeG55MVpUY2hxektXNHVUUk9CTUF0R2dvUnU3azIxbHFuaGg3dG9hdWR2VmVoUmVGdDRSVC5aV1IxWm1sdVpWOWtiMjFoYVc0dlpXUjFabWx1WlRndE1RPT0=(18010)-----18:28:50
	SetCurrentPath:C:\Program Files (x86)\KSIGN\KCase(18016)-----18:28:50
	SetSessionId:WlduYm1aTHFQUVZPdTBlWFNIZkdpOFRDRnp5OWgxeDF0dkZ3SnNCN2F1eFBUMTJpdExuQnVFelJWZ2daN0loSS5qZXVzX2RvbWFpbi9lcC13YXMtMTkwLTZtamw5(18010)-----18:57:35
	SetCurrentPath:C:\Program Files (x86)\KSIGN\KCase(18016)-----18:57:35
	SetSessionId:TDltRXdLekVnTEpyeG55MVpUY2hxektXNHVUUk9CTUF0R2dvUnU3azIxbHFuaGg3dG9hdWR2VmVoUmVGdDRSVC5aV1IxWm1sdVpWOWtiMjFoYVc0dlpXUjFabWx1WlRndE1RPT0=(18010)-----19:46:56
	SetCurrentPath:C:\Program Files (x86)\KSIGN\KCase(18016)-----19:46:56
	SetSessionId:MXJvOFV1WDFwaXlvVnQxOE1HT0dmeXFvMWV6TjNhY2VURVlOckd4SEN4WGRUeWNxdFlJYWJEb3F5VkJzcVd0Qy5qZXVzX2RvbWFpbi9lcC13YXMtMTkwLTV0OG56(18010)-----9:6:26
	SetCurrentPath:C:\Program Files (x86)\KSIGN\KCase(18016)-----9:6:26
	SetSessionId:Vmo2SVZLTWt6YUZmdmZGbmFIWk9YdzdsSjExc0NqYjlqckxPWFo3STFwczhNZTRFdDhCZFY3MW1oMnJEZWRiVS5qZXVzX2RvbWFpbi9lcC13YXMtMTkwLTZtamw5(18010)-----10:28:2
	SetCurrentPath:C:\Program Files (x86)\KSIGN\KCase(18016)-----10:28:2
	SetSessionId:ajVjaTBXN2RPeW45MVBKU2cwVzI3MDNsQXlMWE9vZ01qdTZ0WEZFcGxmc0pJd0MwdDhyUXdjOG9haGdXMWxXVy5qZXVzX2RvbWFpbi9lcC13YXMtMTkwLTJ0MjJu(18010)-----12:14:49
	SetCurrentPath:C:\Program Files (x86)\KSIGN\KCase(18016)-----12:14:49
	SetSessionId:Vmo2SVZLTWt6YUZmdmZGbmFIWk9YdzdsSjExc0NqYjlqckxPWFo3STFwczhNZTRFdDhCZFY3MW1oMnJEZWRiVS5qZXVzX2RvbWFpbi9lcC13YXMtMTkwLTZtamw5(18010)-----15:45:33
	SetCurrentPath:C:\Program Files (x86)\KSIGN\KCase(18016)-----15:45:33
	SetSessionId:Vmo2SVZLTWt6YUZmdmZGbmFIWk9YdzdsSjExc0NqYjlqckxPWFo3STFwczhNZTRFdDhCZFY3MW1oMnJEZWRiVS5qZXVzX2RvbWFpbi9lcC13YXMtMTkwLTZtamw5(18010)-----8:19:59
	SetCurrentPath:C:\Program Files (x86)\KSIGN\KCase(18016)-----8:19:59
	SetSessionId:dmhMTG1zWHBucXBaV0Jtamk0ZlNLYlZkVU03c01lMnV3ejIwRnllUVJjQmhsTkJodGZZdTBCS1A4M3NTUE9ITC5qZXVzX2RvbWFpbi9lcC13YXMtMTkwLTZtamw5(18010)-----8:23:42
	SetCurrentPath:C:\Program Files (x86)\KSIGN\KCase(18016)-----8:23:42
	SetSessionId:UVlIaGRVbkw0VXBPS283VUdoSmUxcjRiVjFyWjJVV3B3NDBGc3FhWUNHOUNPRXNqdG9OZkRhc29IRGdwMWNiZC5qZXVzX2RvbWFpbi9lcC13YXMtMTkwLWNkY2M4(18010)-----8:27:15
	SetCurrentPath:C:\Program Files (x86)\KSIGN\KCase(18016)-----8:27:15
	SetSessionId:dTg4ZzFYYWN1SU1NZHRlczlFbmpwbmhDZE9yRHhnSUt3eEdUd2xncHliQmw1UlBadHhheGtWbHQxYzFvMFdQVC5qZXVzX2RvbWFpbi9lcC13YXMtMTkwLWNkY2M4(18010)-----9:49:5
	SetCurrentPath:C:\Program Files (x86)\KSIGN\KCase(18016)-----9:49:5
	SetSessionId:c240RU5SdVYyV1VRb2ZGQTk0aXlzSDU3MUhkajhVMWV3QkZMTldKcTJKcnlESm9JdDhOVm1MQ0lTcld4UlpubS5aV1IxWm1sdVpWOWtiMjFoYVc0dlpXUjFabWx1WlRndE13PT0=(18010)-----9:56:8
	SetCurrentPath:C:\Program Files (x86)\KSIGN\KCase(18016)-----9:56:8
	SetSessionId:T2k2eGEyOEFpRFdQaWpaUFoxTFdSNXdESVdLMXlLSDN3RkFxaFhjV1B5V09ab3VTdFFVbDB5TXN2dnQ3Mkx3aC5aV1IxWm1sdVpWOWtiMjFoYVc0dlpXUjFabWx1WlRndE13PT0=(18010)-----13:28:14
	SetCurrentPath:C:\Program Files (x86)\KSIGN\KCase(18016)-----13:28:14
	SetSessionId:Y0IzN2R5ZUotUjJsVHhPVmtJbS1ZRHgxVE9xUEVIZEw1eHBlS2RWMQ==(18010)-----13:53:46
	SetCurrentPath:C:\Program Files (x86)\KSIGN\KCase(18016)-----13:53:46
	SetSessionId:ZW9lR0VIVmlQU1hTUG05UzdiZTNBbVY5bW1BQ1phbE13NEdzZHBHaFh2eDJzNUJRdFNqOTlObW4xaHQ2ZEd6Ry5qZXVzX2RvbWFpbi9lcC13YXMtMTkwLXo0cWp0(18010)-----15:3:55
	SetCurrentPath:C:\Program Files (x86)\KSIGN\KCase(18016)-----15:3:55
	SetSessionId:dmZ5NGNVMWZrSUtxSnRGanA4Q3gzU0RHMTN0OURHOHh3ZUYyZU55Z3poZkRtd3I5dEdsazVVZ1o1OWo4S0pneC5aV1IxWm1sdVpWOWtiMjFoYVc0dlpXUjFabWx1WlRndE13PT0=(18010)-----15:30:23
	SetCurrentPath:C:\Program Files (x86)\KSIGN\KCase(18016)-----15:30:23
	SetSessionId:MFhZMUpQZ1NnMWpoRDNkQWFZbnY0cEQyRndOYWxHUnF3MnZiMFBkQWx4aGtTc2YydEhOUWdjWHFhV0x3ZTFJcy5aV1IxWm1sdVpWOWtiMjFoYVc0dlpXUjFabWx1WlRndE13PT0=(18010)-----17:17:37
	SetCurrentPath:C:\Program Files (x86)\KSIGN\KCase(18016)-----17:17:37
	SetSessionId:eXB1MmFYWGF2bzFuM2QzdHZLRW5xV3VNdURkc01hWUJ3WUJJNG1YbmFheElsNGZJdDlpWFRrY1JLb25oM1RIcS5qZXVzX2RvbWFpbi9lcC13YXMtMTkwLTJ0MjJu(18010)-----19:56:23
	SetCurrentPath:C:\Program Files (x86)\KSIGN\KCase(18016)-----19:56:23
	SetSessionId:dVJXMXpaajRTbjk5VzF0ZFUwWTRSV0hTV016cUI5aTZDWGpjUGptNFBrVVpGZFRrdE43RTdqMXh1akd1S0Z0NC5qZXVzX2RvbWFpbi9lcC13YXMtMTkwLXFjdHh0(18010)-----8:50:25
	SetCurrentPath:C:\Program Files (x86)\KSIGN\KCase(18016)-----8:50:25
	SetSessionId:YnMxdlZPNm96UXA3U0l1MUw1aXJ4VlpvYlBqVnZGcUdDMzdNMENOVW9iUTRlMVJPdG5UME80TVpmQ0FkY1FwUy5aV1IxWm1sdVpWOWtiMjFoYVc0dlpXUjFabWx1WlRJdE1nPT0=(18010)-----11:25:17
	SetCurrentPath:C:\Program Files (x86)\KSIGN\KCase(18016)-----11:25:17
	SetSessionId:Vjc0NWVMU3pTcFE0REJ4ZXdIcjJvYXVtT2ZxdnVhNzJDMXAzSVdjWFJrUHhjam5rdEQ5djJpMGZiMXRBUmt5di5qZXVzX2RvbWFpbi9lcC13YXMtMTkwLTZtamw5(18010)-----14:39:36
	SetCurrentPath:C:\Program Files (x86)\KSIGN\KCase(18016)-----14:39:36
	SetSessionId:5Tc0zMJTV2E=(18010)-----14:45:1
	SetCurrentPath:C:\Program Files (x86)\KSIGN\KCase(18016)-----14:45:1
	SetSessionId:QTBTRUJyNUFDdTUwNm9KVGo5dzNDcThleFdKbU9xd1NDSE5lMGE0aFhwRElhQUg2dER1ak5jYTZIU0R1QmFpUi5qZXVzX2RvbWFpbi9lcC13YXMtMTkwLXFjdHh0(18010)-----14:50:10
	SetCurrentPath:C:\Program Files (x86)\KSIGN\KCase(18016)-----14:50:10
	SetSessionId:bWlvUWhKQ3hPV1JkOFJISVNNZVVnYkhMNFhYT2hNN2NDbnVRQkxmVVRYUnFjeWhRdFR3RG5RbndvWnBUYURFZy5qZXVzX2RvbWFpbi9lcC13YXMtMTkwLTV0OG56(18010)-----17:17:55
	SetCurrentPath:C:\Program Files (x86)\KSIGN\KCase(18016)-----17:17:55
	SetSessionId:NUNIRzYza3R5RkFhdE5MUXZwQktRcVFxRmlhQXNDWTZvUDRGZ3ozUUh3bzRmV3RtdFhiYWRDVFNLNXNobG9Scy5qZXVzX2RvbWFpbi9lcC13YXMtMTkwLW43MjRo(18010)-----8:21:31
	SetCurrentPath:C:\Program Files (x86)\KSIGN\KCase(18016)-----8:21:31
	SetSessionId:OUZ5RVJTdkRydVRFekM3bks4OGQ0Z2dmcXVlRFRBVmpXUDhnYlpkYQ==(18010)-----8:31:41
	SetCurrentPath:C:\Program Files (x86)\KSIGN\KCase(18016)-----8:31:41
	SetSessionId:WnRnc09rZW9pSXlvaEd1b1BWcW9aT0JVOUNQTk5sOWJvVlY0Z3FDQmk0eXc5dXdBdHlIYWJkU3ZBWnRSVDBzUi5qZXVzX2RvbWFpbi9lcC13YXMtMTkwLTZtamw5(18010)-----10:34:6
	SetCurrentPath:C:\Program Files (x86)\KSIGN\KCase(18016)-----10:34:6
	SetSessionId:cWZzUzVOU3ZBMnJUWlQ3SW1EejFSVThISjFGeUJ6N2xvcjRlUGNoY1Q2aGtBT1BIdGlDYThuMnRYbGVhT1A0Vi5qZXVzX2RvbWFpbi9lcC13YXMtMTkwLTZtamw5(18010)-----14:18:15
	SetCurrentPath:C:\Program Files (x86)\KSIGN\KCase(18016)-----14:18:15
	SetSessionId:RTFtMEZ3TlVDajVuNktPVDZrSVFyV3JmNUpDSlRKdDBhT2dNM240MXQ3Znc1UHBPdFdHdGtUZlpvQzNRRmxSby5qZXVzX2RvbWFpbi9lcC13YXMtMTkwLTJ0MjJu(18010)-----16:8:54
	SetCurrentPath:C:\Program Files (x86)\KSIGN\KCase(18016)-----16:8:54
	SetSessionId:TVpKS0tUUU1rR20wUEltVjZSYUlHYUhWekJaaXptWHRhdVhGYWRtS0lvSEt5MExTdEV3enhYTENFZkhvTTZJWi5qZXVzX2RvbWFpbi9lcC13YXMtMTkwLWNkY2M4(18010)-----16:11:22
	SetCurrentPath:C:\Program Files (x86)\KSIGN\KCase(18016)-----16:11:22
	SetSessionId:Ym9CVVlTN0lhb3FlT21Bek04TFoySDg1eFZscEhVZk9hVUJYQkU3c1ZpRmNzN3BhdDJsNVBmOG9lMVZDWXdYRy5qZXVzX2RvbWFpbi9lcC13YXMtMTkwLXo0cWp0(18010)-----16:33:59
	SetCurrentPath:C:\Program Files (x86)\KSIGN\KCase(18016)-----16:33:59
	SetSessionId:U3N1WGZicW5paHdBdUhYZUtjVUVFR3h6QnN5NEZCajJhWWxBcWt1SFlvUmhTaTRCdEVqQnRsNlRyMXRLV1AzVC5qZXVzX2RvbWFpbi9lcC13YXMtMTkwLXFjdHh0(18010)-----8:43:19
	SetCurrentPath:C:\Program Files (x86)\KSIGN\KCase(18016)-----8:43:19
	SetSessionId:ajhNMVlvdzlDd2FnaHlzVXEzTWpGYVhTRGsyTnhha3JZVUk1akhoZXVlTmpXNGlidHJjeEhydXlkdzZqc3cxZC5qZXVzX2RvbWFpbi9lcC13YXMtMTkwLTZtamw5(18010)-----10:19:42
	SetCurrentPath:C:\Program Files (x86)\KSIGN\KCase(18016)-----10:19:42
	SetSessionId:VXN3cXVZNlVXekQ0OExyMEJ6OWxWa2c4QjhFWXhaTUZZa3c2YkpNNGVSUEJyTWdZdFNmdXB5Q010UjZxVEpvaS5qZXVzX2RvbWFpbi9lcC13YXMtMTkwLTZtamw5(18010)-----12:43:26
	SetCurrentPath:C:\Program Files (x86)\KSIGN\KCase(18016)-----12:43:26
	SetSessionId:CfYZPDCSQaQ=(18010)-----16:11:55
	SetCurrentPath:C:\Program Files (x86)\KSIGN\KCase(18016)-----16:11:55
	SetSessionId:b3luak1WS080YWRSbExqU2VtSGkzSEoxaGxQc0FIZHhZOGZKN21BTWF1ampkUmg5dGNyMlBZYWR5Y1hUVDRFTS5qZXVzX2RvbWFpbi9lcC13YXMtMTkwLTZtamw5(18010)-----19:2:33
	SetCurrentPath:C:\Program Files (x86)\KSIGN\KCase(18016)-----19:2:33
	SetSessionId:b3luak1WS080YWRSbExqU2VtSGkzSEoxaGxQc0FIZHhZOGZKN21BTWF1ampkUmg5dGNyMlBZYWR5Y1hUVDRFTS5qZXVzX2RvbWFpbi9lcC13YXMtMTkwLTZtamw5(18010)-----20:50:9
	SetCurrentPath:C:\Program Files (x86)\KSIGN\KCase(18016)-----20:50:9
	SetSessionId:Rkh4Zm1sV2NTQWFyTnUwdDE3NTdXWTNDRDh6MFVMOHJJRHU3ODVSZG5iOWM2ZHNWdGFscWdrV0FDVDdYMUhqUy5qZXVzX2RvbWFpbi9lcC13YXMtMTkwLXFjdHh0(18010)-----8:19:26
	SetCurrentPath:C:\Program Files (x86)\KSIGN\KCase(18016)-----8:19:26
	SetSessionId:UmVtVVFhNmF0UjVyQ1NLM05jVmcxWERBUTYyYTNBVnpJa3VjY2ZkbENlcEVhd0FldHp1bjBUSThsN3JBUmEzWC5aV1IxWm1sdVpWOWtiMjFoYVc0dlpXUjFabWx1WlRJdE1RPT0=(18010)-----8:31:20
	SetCurrentPath:C:\Program Files (x86)\KSIGN\KCase(18016)-----8:31:20
	SetSessionId:cmlpTkVCVVVIRjE3Ylk5OVU1VmgyS2RxeEJCTGVpYWVJRGR1OUZmZUcxSnVLdzF6dDlwMVZKRGF0UzFwa1NucS5qZXVzX2RvbWFpbi9lcC13YXMtMTkwLXFjdHh0(18010)-----9:37:33
	SetCurrentPath:C:\Program Files (x86)\KSIGN\KCase(18016)-----9:37:33
	SetSessionId:TUhsY1VEVkdZRmttMTJ4djM5QThvNXFOSzZZN0lqV0tJd2g5RE9zYlBzME9VcjNBdE5rMjZVSzhvbHRZTTZhVi5qZXVzX2RvbWFpbi9lcC13YXMtMTkwLXFjdHh0(18010)-----12:43:48
	SetCurrentPath:C:\Program Files (x86)\KSIGN\KCase(18016)-----12:43:48
	SetSessionId:a3FlY2Y5V3FDLTNIX3VKZUdJbDZOWkhsaTF5UTdheXNrOVh1NERaOA==(18010)-----8:59:10
	SetCurrentPath:C:\Program Files (x86)\KSIGN\KCase(18016)-----8:59:10
	SetSessionId:UGZkMlA0eE5KWjZkUEVhUDFmcWpOMFE5ZnEzaHVZcWRBbDh2S0s4YUY2SHFDQlVwdDVtV0doS2k5WFo0RHdhMC5qZXVzX2RvbWFpbi9lcC13YXMtMTkwLWNtcjU1(18010)-----9:7:29
	SetCurrentPath:C:\Program Files (x86)\KSIGN\KCase(18016)-----9:7:29
	SetSessionId:Hrc54Yybjwo=(18010)-----10:26:53
	SetCurrentPath:C:\Program Files (x86)\KSIGN\KCase(18016)-----10:26:53
	SetSessionId:cVotNGlLX1pOcGNyZDA3TUxFaTF5MzUtWVM3M3pWWWZ0YkJkTExHcQ==(18010)-----15:12:5
	SetCurrentPath:C:\Program Files (x86)\KSIGN\KCase(18016)-----15:12:5
	SetSessionId:VUdLQ1FHVDdwMU8tUjJsYjRFS2NJd1RwVnlqMDdOTHVYWUZsYnI5Vg==(18010)-----15:19:2
	SetCurrentPath:C:\Program Files (x86)\KSIGN\KCase(18016)-----15:19:2
	SetSessionId:S2tEOUlVRk9mdkoyWmxSN0FhRDExdFE5cnhYS3BDbDBBbmpQMXA5ZHZFWUwwaHhndEhvaW9pczA4QVpmcEZVVi5qZXVzX2RvbWFpbi9lcC13YXMtMTkwLWNtcjU1(18010)-----16:55:37
	SetCurrentPath:C:\Program Files (x86)\KSIGN\KCase(18016)-----16:55:37
	SetSessionId:Z1ZTUDhSU0ZJMjNnZGFKYVNOOEI2YnR2TERLWFNZYllrVTNvNDNadHZZczM3MXRGdFAxMXAzSHdEdW1hUjhKUy5qZXVzX2RvbWFpbi9lcC13YXMtMTkwLWNkY2M4(18010)-----8:34:54
	SetCurrentPath:C:\Program Files (x86)\KSIGN\KCase(18016)-----8:34:54
	SetSessionId:NzUxdHJnazlHb2lwdmdtY0lGdFhaNnl1aTRRRnF1MDRrVUhlQjVOT3JMOXc2VDNsdDJRd28yaGdHcFY2M3FZMy5qZXVzX2RvbWFpbi9lcC13YXMtMTkwLWNkY2M4(18010)-----10:53:57
	SetCurrentPath:C:\Program Files (x86)\KSIGN\KCase(18016)-----10:53:57
	SetSessionId:dnhSZVhxcTV4bmpqb0pERVdBWXBDYkN1TmJ6a24xMjltcTlTRzYzVw==(18010)-----16:47:30
	SetCurrentPath:C:\Program Files (x86)\KSIGN\KCase(18016)-----16:47:30
	SetSessionId:0T6sF3WMWc8=(18010)-----16:55:6
	SetCurrentPath:C:\Program Files (x86)\KSIGN\KCase(18016)-----16:55:6
	SetSessionId:R2FCbFlBbVZzcXExUXVwUGNwVksyUmxGOXl3WEdnWWw1SUdWcGV6aTE3ZXhFaWQ5dFNrbExEOGt2TEhkZ3VOWC5qZXVzX2RvbWFpbi9lcC13YXMtMTkwLW43MjRo(18010)-----9:42:50
	SetCurrentPath:C:\Program Files (x86)\KSIGN\KCase(18016)-----9:42:50
	SetSessionId:NW9lQ3Z4M2prdGxWZVVDS2xLeHc1OUdpMWRyVnRwTzVmRktBTEpvOGFTbEtoMWpQdG5yVmVrcEJhckVWVWwyVS5qZXVzX2RvbWFpbi9lcC13YXMtMTkwLXFjdHh0(18010)-----17:55:24
	SetCurrentPath:C:\Program Files (x86)\KSIGN\KCase(18016)-----17:55:24
	SetSessionId:UzZEMDIxcUZaTE1tQVVaUjNqM29KeDZ6NFRnYXhGVTNtSkZMSnRmZ3ZLWmRvNW9JdHpXOEtzRVBJOXRqMHZQRy5qZXVzX2RvbWFpbi9lcC13YXMtMTkwLTJ0MjJu(18010)-----9:46:11
	SetCurrentPath:C:\Program Files (x86)\KSIGN\KCase(18016)-----9:46:11
	SetSessionId:Smk2dlphb0dXYnV6ZVAyTG1ibUlXaWtqUDYwUnZmRHhtVXZyeDZyMlZubXphT1JhdDE1OEV2VnowVEFUNVhwdS5qZXVzX2RvbWFpbi9lcC13YXMtMTkwLTJ0MjJu(18010)-----13:28:15
	SetCurrentPath:C:\Program Files (x86)\KSIGN\KCase(18016)-----13:28:15
	SetSessionId:czZhdkFBaGpWTlBJV0FRTjFMcUN5UmFEZzgzOG1nZHRtQjFXaG9SM3ViYTk3aU02dERUUWpzejJrM2NVYk1CNy5qZXVzX2RvbWFpbi9lcC13YXMtMTkwLWNtcjU1(18010)-----14:29:50
	SetCurrentPath:C:\Program Files (x86)\KSIGN\KCase(18016)-----14:29:50
	SetSessionId:NHpqa2s3d01WNkkyYjZDTlAzbTBrR1BjMXh0OGhYV29oa1dKUUtJZXJjcUE2Q1ZudDgyY1RMY3hOdUR2S0lyVi5qZXVzX2RvbWFpbi9lcC13YXMtMTkxLTVqcmpn(18010)-----8:29:32
	SetCurrentPath:C:\Program Files (x86)\KSIGN\KCase(18016)-----8:29:32
	SetSessionId:Qjcza01jdEZRVFhUYllXWGhiVXZJbUhJU0kxNjF0SDloTkQ1RTFMVmVuTG8zMXNndGF0ODRVcHNXM3ZENnlwNi5qZXVzX2RvbWFpbi9lcC13YXMtMTkxLTVqejRm(18010)-----12:17:8
	SetCurrentPath:C:\Program Files (x86)\KSIGN\KCase(18016)-----12:17:8
	SetSessionId:Y3FrWDhJd0ZxMzdoRHRLSTJVNzVlVE1wTUM5QzZwdDdobTQ5eDUyRlNwdXlXOHZTdGkwR1QwWmVBR2ppeHhkTS5qZXVzX2RvbWFpbi9lcC13YXMtMTkxLTVqejRm(18010)-----13:54:9
	SetCurrentPath:C:\Program Files (x86)\KSIGN\KCase(18016)-----13:54:9
	SetSessionId:eW5YRnJnU2tDelZ1STZ5ZG5lSGZRTXJjWGhGcWJkN01oQnZPQkNIaVZ3MnhNclRVdE1WeXhETGM1cW8xWXAxYS5qZXVzX2RvbWFpbi9lcC13YXMtMTkxLTVqejRm(18010)-----15:14:49
	SetCurrentPath:C:\Program Files (x86)\KSIGN\KCase(18016)-----15:14:49
	SetSessionId:UW0wbU00aDVwbE94WWUxM3RZbFAxWDFFSll6a2R5YkNoYTJjNjYxZXRFb0RJcGdodFZ6YXF2UEMyZ0l6U3VLdS5aV1IxWm1sdVpWOWtiMjFoYVc0dlpXUjFabWx1WlRVdE1RPT0=(18010)-----15:59:2
	SetCurrentPath:C:\Program Files (x86)\KSIGN\KCase(18016)-----15:59:2
